<component name="libraryTable">
  <library name="junit-4.11">
    <CLASSES>
      <root url="jar://D:/jar/poi-bin-3.11-20141221/poi-3.11/lib/junit-4.11.jar!/" />
    </CLASSES>
    <JAVADOC />
    <SOURCES />
  </library>
</component>